Symlinking /home/asm01/inter_iit_task/devel/share/roseus/ros/iq_vision/manifest.l
Symlinking /home/asm01/inter_iit_task/devel/share/roseus/ros/iq_vision/msg/Coords.l
Symlinking /home/asm01/inter_iit_task/devel/share/common-lisp/ros/iq_vision/msg/_package_Coords.lisp
Symlinking /home/asm01/inter_iit_task/devel/share/common-lisp/ros/iq_vision/msg/Coords.lisp
Symlinking /home/asm01/inter_iit_task/devel/share/common-lisp/ros/iq_vision/msg/_package.lisp
Symlinking /home/asm01/inter_iit_task/devel/share/common-lisp/ros/iq_vision/msg/iq_vision-msg.asd
Symlinking /home/asm01/inter_iit_task/devel/share/gennodejs/ros/iq_vision/_index.js
Symlinking /home/asm01/inter_iit_task/devel/share/gennodejs/ros/iq_vision/msg/Coords.js
Symlinking /home/asm01/inter_iit_task/devel/share/gennodejs/ros/iq_vision/msg/_index.js
Symlinking /home/asm01/inter_iit_task/devel/share/iq_vision/cmake/iq_visionConfig-version.cmake
Symlinking /home/asm01/inter_iit_task/devel/share/iq_vision/cmake/iq_vision-msg-extras.cmake
Symlinking /home/asm01/inter_iit_task/devel/share/iq_vision/cmake/iq_vision-msg-paths.cmake
Symlinking /home/asm01/inter_iit_task/devel/share/iq_vision/cmake/iq_visionConfig.cmake
Symlinking /home/asm01/inter_iit_task/devel/lib/python3/dist-packages/iq_vision/__init__.py
Symlinking /home/asm01/inter_iit_task/devel/lib/python3/dist-packages/iq_vision/msg/__init__.py
Symlinking /home/asm01/inter_iit_task/devel/lib/python3/dist-packages/iq_vision/msg/_Coords.py
Symlinking /home/asm01/inter_iit_task/devel/lib/pkgconfig/iq_vision.pc
Symlinking /home/asm01/inter_iit_task/devel/lib/iq_vision/aruco_marker_detector
Symlinking /home/asm01/inter_iit_task/devel/lib/iq_vision/canny_edge_sol
Symlinking /home/asm01/inter_iit_task/devel/include/iq_vision/Coords.h
